August 31, 2021, 1:45 pm
Array
(
    [zen] => Avoid administrative distraction.
    [hook_id] => 315835309
    [hook] => Array
        (
            [type] => Repository
            [id] => 315835309
            [name] => web
            [active] => 1
            [events] => Array
                (
                    [0] => push
                )

            [config] => Array
                (
                    [content_type] => json
                    [insecure_ssl] => 0
                    [url] => https://dev.matmor.unam.mx/payload/
                )

            [updated_at] => 2021-08-31T17:13:48Z
            [created_at] => 2021-08-31T17:13:48Z
            [url] => https://api.github.com/repos/miguel-mx/degustaciones-2021/hooks/315835309
            [test_url] => https://api.github.com/repos/miguel-mx/degustaciones-2021/hooks/315835309/test
            [ping_url] => https://api.github.com/repos/miguel-mx/degustaciones-2021/hooks/315835309/pings
            [deliveries_url] => https://api.github.com/repos/miguel-mx/degustaciones-2021/hooks/315835309/deliveries
            [last_response] => Array
                (
                    [code] => 
                    [status] => unused
                    [message] => 
                )

        )

    [repository] => Array
        (
            [id] => 401460228
            [node_id] => MDEwOlJlcG9zaXRvcnk0MDE0NjAyMjg=
            [name] => degustaciones-2021
            [full_name] => miguel-mx/degustaciones-2021
            [private] => 
            [owner] => Array
                (
                    [login] => miguel-mx
                    [id] => 999243
                    [node_id] => MDQ6VXNlcjk5OTI0Mw==
                    [avatar_url] => https://avatars.githubusercontent.com/u/999243?v=4
                    [gravatar_id] => 
                    [url] => https://api.github.com/users/miguel-mx
                    [html_url] => https://github.com/miguel-mx
                    [followers_url] => https://api.github.com/users/miguel-mx/followers
                    [following_url] => https://api.github.com/users/miguel-mx/following{/other_user}
                    [gists_url] => https://api.github.com/users/miguel-mx/gists{/gist_id}
                    [starred_url] => https://api.github.com/users/miguel-mx/starred{/owner}{/repo}
                    [subscriptions_url] => https://api.github.com/users/miguel-mx/subscriptions
                    [organizations_url] => https://api.github.com/users/miguel-mx/orgs
                    [repos_url] => https://api.github.com/users/miguel-mx/repos
                    [events_url] => https://api.github.com/users/miguel-mx/events{/privacy}
                    [received_events_url] => https://api.github.com/users/miguel-mx/received_events
                    [type] => User
                    [site_admin] => 
                )

            [html_url] => https://github.com/miguel-mx/degustaciones-2021
            [description] => 
            [fork] => 
            [url] => https://api.github.com/repos/miguel-mx/degustaciones-2021
            [forks_url] => https://api.github.com/repos/miguel-mx/degustaciones-2021/forks
            [keys_url] => https://api.github.com/repos/miguel-mx/degustaciones-2021/keys{/key_id}
            [collaborators_url] => https://api.github.com/repos/miguel-mx/degustaciones-2021/collaborators{/collaborator}
            [teams_url] => https://api.github.com/repos/miguel-mx/degustaciones-2021/teams
            [hooks_url] => https://api.github.com/repos/miguel-mx/degustaciones-2021/hooks
            [issue_events_url] => https://api.github.com/repos/miguel-mx/degustaciones-2021/issues/events{/number}
            [events_url] => https://api.github.com/repos/miguel-mx/degustaciones-2021/events
            [assignees_url] => https://api.github.com/repos/miguel-mx/degustaciones-2021/assignees{/user}
            [branches_url] => https://api.github.com/repos/miguel-mx/degustaciones-2021/branches{/branch}
            [tags_url] => https://api.github.com/repos/miguel-mx/degustaciones-2021/tags
            [blobs_url] => https://api.github.com/repos/miguel-mx/degustaciones-2021/git/blobs{/sha}
            [git_tags_url] => https://api.github.com/repos/miguel-mx/degustaciones-2021/git/tags{/sha}
            [git_refs_url] => https://api.github.com/repos/miguel-mx/degustaciones-2021/git/refs{/sha}
            [trees_url] => https://api.github.com/repos/miguel-mx/degustaciones-2021/git/trees{/sha}
            [statuses_url] => https://api.github.com/repos/miguel-mx/degustaciones-2021/statuses/{sha}
            [languages_url] => https://api.github.com/repos/miguel-mx/degustaciones-2021/languages
            [stargazers_url] => https://api.github.com/repos/miguel-mx/degustaciones-2021/stargazers
            [contributors_url] => https://api.github.com/repos/miguel-mx/degustaciones-2021/contributors
            [subscribers_url] => https://api.github.com/repos/miguel-mx/degustaciones-2021/subscribers
            [subscription_url] => https://api.github.com/repos/miguel-mx/degustaciones-2021/subscription
            [commits_url] => https://api.github.com/repos/miguel-mx/degustaciones-2021/commits{/sha}
            [git_commits_url] => https://api.github.com/repos/miguel-mx/degustaciones-2021/git/commits{/sha}
            [comments_url] => https://api.github.com/repos/miguel-mx/degustaciones-2021/comments{/number}
            [issue_comment_url] => https://api.github.com/repos/miguel-mx/degustaciones-2021/issues/comments{/number}
            [contents_url] => https://api.github.com/repos/miguel-mx/degustaciones-2021/contents/{+path}
            [compare_url] => https://api.github.com/repos/miguel-mx/degustaciones-2021/compare/{base}...{head}
            [merges_url] => https://api.github.com/repos/miguel-mx/degustaciones-2021/merges
            [archive_url] => https://api.github.com/repos/miguel-mx/degustaciones-2021/{archive_format}{/ref}
            [downloads_url] => https://api.github.com/repos/miguel-mx/degustaciones-2021/downloads
            [issues_url] => https://api.github.com/repos/miguel-mx/degustaciones-2021/issues{/number}
            [pulls_url] => https://api.github.com/repos/miguel-mx/degustaciones-2021/pulls{/number}
            [milestones_url] => https://api.github.com/repos/miguel-mx/degustaciones-2021/milestones{/number}
            [notifications_url] => https://api.github.com/repos/miguel-mx/degustaciones-2021/notifications{?since,all,participating}
            [labels_url] => https://api.github.com/repos/miguel-mx/degustaciones-2021/labels{/name}
            [releases_url] => https://api.github.com/repos/miguel-mx/degustaciones-2021/releases{/id}
            [deployments_url] => https://api.github.com/repos/miguel-mx/degustaciones-2021/deployments
            [created_at] => 2021-08-30T19:19:40Z
            [updated_at] => 2021-08-31T02:18:14Z
            [pushed_at] => 2021-08-31T02:18:11Z
            [git_url] => git://github.com/miguel-mx/degustaciones-2021.git
            [ssh_url] => git@github.com:miguel-mx/degustaciones-2021.git
            [clone_url] => https://github.com/miguel-mx/degustaciones-2021.git
            [svn_url] => https://github.com/miguel-mx/degustaciones-2021
            [homepage] => 
            [size] => 2716
            [stargazers_count] => 0
            [watchers_count] => 0
            [language] => CSS
            [has_issues] => 1
            [has_projects] => 1
            [has_downloads] => 1
            [has_wiki] => 1
            [has_pages] => 
            [forks_count] => 0
            [mirror_url] => 
            [archived] => 
            [disabled] => 
            [open_issues_count] => 0
            [license] => 
            [forks] => 0
            [open_issues] => 0
            [watchers] => 0
            [default_branch] => main
        )

    [sender] => Array
        (
            [login] => miguel-mx
            [id] => 999243
            [node_id] => MDQ6VXNlcjk5OTI0Mw==
            [avatar_url] => https://avatars.githubusercontent.com/u/999243?v=4
            [gravatar_id] => 
            [url] => https://api.github.com/users/miguel-mx
            [html_url] => https://github.com/miguel-mx
            [followers_url] => https://api.github.com/users/miguel-mx/followers
            [following_url] => https://api.github.com/users/miguel-mx/following{/other_user}
            [gists_url] => https://api.github.com/users/miguel-mx/gists{/gist_id}
            [starred_url] => https://api.github.com/users/miguel-mx/starred{/owner}{/repo}
            [subscriptions_url] => https://api.github.com/users/miguel-mx/subscriptions
            [organizations_url] => https://api.github.com/users/miguel-mx/orgs
            [repos_url] => https://api.github.com/users/miguel-mx/repos
            [events_url] => https://api.github.com/users/miguel-mx/events{/privacy}
            [received_events_url] => https://api.github.com/users/miguel-mx/received_events
            [type] => User
            [site_admin] => 
        )

)
August 31, 2021, 1:49 pm
Array
(
    [zen] => Avoid administrative distraction.
    [hook_id] => 315835309
    [hook] => Array
        (
            [type] => Repository
            [id] => 315835309
            [name] => web
            [active] => 1
            [events] => Array
                (
                    [0] => push
                )

            [config] => Array
                (
                    [content_type] => json
                    [insecure_ssl] => 0
                    [url] => https://dev.matmor.unam.mx/payload/
                )

            [updated_at] => 2021-08-31T17:13:48Z
            [created_at] => 2021-08-31T17:13:48Z
            [url] => https://api.github.com/repos/miguel-mx/degustaciones-2021/hooks/315835309
            [test_url] => https://api.github.com/repos/miguel-mx/degustaciones-2021/hooks/315835309/test
            [ping_url] => https://api.github.com/repos/miguel-mx/degustaciones-2021/hooks/315835309/pings
            [deliveries_url] => https://api.github.com/repos/miguel-mx/degustaciones-2021/hooks/315835309/deliveries
            [last_response] => Array
                (
                    [code] => 
                    [status] => unused
                    [message] => 
                )

        )

    [repository] => Array
        (
            [id] => 401460228
            [node_id] => MDEwOlJlcG9zaXRvcnk0MDE0NjAyMjg=
            [name] => degustaciones-2021
            [full_name] => miguel-mx/degustaciones-2021
            [private] => 
            [owner] => Array
                (
                    [login] => miguel-mx
                    [id] => 999243
                    [node_id] => MDQ6VXNlcjk5OTI0Mw==
                    [avatar_url] => https://avatars.githubusercontent.com/u/999243?v=4
                    [gravatar_id] => 
                    [url] => https://api.github.com/users/miguel-mx
                    [html_url] => https://github.com/miguel-mx
                    [followers_url] => https://api.github.com/users/miguel-mx/followers
                    [following_url] => https://api.github.com/users/miguel-mx/following{/other_user}
                    [gists_url] => https://api.github.com/users/miguel-mx/gists{/gist_id}
                    [starred_url] => https://api.github.com/users/miguel-mx/starred{/owner}{/repo}
                    [subscriptions_url] => https://api.github.com/users/miguel-mx/subscriptions
                    [organizations_url] => https://api.github.com/users/miguel-mx/orgs
                    [repos_url] => https://api.github.com/users/miguel-mx/repos
                    [events_url] => https://api.github.com/users/miguel-mx/events{/privacy}
                    [received_events_url] => https://api.github.com/users/miguel-mx/received_events
                    [type] => User
                    [site_admin] => 
                )

            [html_url] => https://github.com/miguel-mx/degustaciones-2021
            [description] => 
            [fork] => 
            [url] => https://api.github.com/repos/miguel-mx/degustaciones-2021
            [forks_url] => https://api.github.com/repos/miguel-mx/degustaciones-2021/forks
            [keys_url] => https://api.github.com/repos/miguel-mx/degustaciones-2021/keys{/key_id}
            [collaborators_url] => https://api.github.com/repos/miguel-mx/degustaciones-2021/collaborators{/collaborator}
            [teams_url] => https://api.github.com/repos/miguel-mx/degustaciones-2021/teams
            [hooks_url] => https://api.github.com/repos/miguel-mx/degustaciones-2021/hooks
            [issue_events_url] => https://api.github.com/repos/miguel-mx/degustaciones-2021/issues/events{/number}
            [events_url] => https://api.github.com/repos/miguel-mx/degustaciones-2021/events
            [assignees_url] => https://api.github.com/repos/miguel-mx/degustaciones-2021/assignees{/user}
            [branches_url] => https://api.github.com/repos/miguel-mx/degustaciones-2021/branches{/branch}
            [tags_url] => https://api.github.com/repos/miguel-mx/degustaciones-2021/tags
            [blobs_url] => https://api.github.com/repos/miguel-mx/degustaciones-2021/git/blobs{/sha}
            [git_tags_url] => https://api.github.com/repos/miguel-mx/degustaciones-2021/git/tags{/sha}
            [git_refs_url] => https://api.github.com/repos/miguel-mx/degustaciones-2021/git/refs{/sha}
            [trees_url] => https://api.github.com/repos/miguel-mx/degustaciones-2021/git/trees{/sha}
            [statuses_url] => https://api.github.com/repos/miguel-mx/degustaciones-2021/statuses/{sha}
            [languages_url] => https://api.github.com/repos/miguel-mx/degustaciones-2021/languages
            [stargazers_url] => https://api.github.com/repos/miguel-mx/degustaciones-2021/stargazers
            [contributors_url] => https://api.github.com/repos/miguel-mx/degustaciones-2021/contributors
            [subscribers_url] => https://api.github.com/repos/miguel-mx/degustaciones-2021/subscribers
            [subscription_url] => https://api.github.com/repos/miguel-mx/degustaciones-2021/subscription
            [commits_url] => https://api.github.com/repos/miguel-mx/degustaciones-2021/commits{/sha}
            [git_commits_url] => https://api.github.com/repos/miguel-mx/degustaciones-2021/git/commits{/sha}
            [comments_url] => https://api.github.com/repos/miguel-mx/degustaciones-2021/comments{/number}
            [issue_comment_url] => https://api.github.com/repos/miguel-mx/degustaciones-2021/issues/comments{/number}
            [contents_url] => https://api.github.com/repos/miguel-mx/degustaciones-2021/contents/{+path}
            [compare_url] => https://api.github.com/repos/miguel-mx/degustaciones-2021/compare/{base}...{head}
            [merges_url] => https://api.github.com/repos/miguel-mx/degustaciones-2021/merges
            [archive_url] => https://api.github.com/repos/miguel-mx/degustaciones-2021/{archive_format}{/ref}
            [downloads_url] => https://api.github.com/repos/miguel-mx/degustaciones-2021/downloads
            [issues_url] => https://api.github.com/repos/miguel-mx/degustaciones-2021/issues{/number}
            [pulls_url] => https://api.github.com/repos/miguel-mx/degustaciones-2021/pulls{/number}
            [milestones_url] => https://api.github.com/repos/miguel-mx/degustaciones-2021/milestones{/number}
            [notifications_url] => https://api.github.com/repos/miguel-mx/degustaciones-2021/notifications{?since,all,participating}
            [labels_url] => https://api.github.com/repos/miguel-mx/degustaciones-2021/labels{/name}
            [releases_url] => https://api.github.com/repos/miguel-mx/degustaciones-2021/releases{/id}
            [deployments_url] => https://api.github.com/repos/miguel-mx/degustaciones-2021/deployments
            [created_at] => 2021-08-30T19:19:40Z
            [updated_at] => 2021-08-31T02:18:14Z
            [pushed_at] => 2021-08-31T02:18:11Z
            [git_url] => git://github.com/miguel-mx/degustaciones-2021.git
            [ssh_url] => git@github.com:miguel-mx/degustaciones-2021.git
            [clone_url] => https://github.com/miguel-mx/degustaciones-2021.git
            [svn_url] => https://github.com/miguel-mx/degustaciones-2021
            [homepage] => 
            [size] => 2716
            [stargazers_count] => 0
            [watchers_count] => 0
            [language] => CSS
            [has_issues] => 1
            [has_projects] => 1
            [has_downloads] => 1
            [has_wiki] => 1
            [has_pages] => 
            [forks_count] => 0
            [mirror_url] => 
            [archived] => 
            [disabled] => 
            [open_issues_count] => 0
            [license] => 
            [forks] => 0
            [open_issues] => 0
            [watchers] => 0
            [default_branch] => main
        )

    [sender] => Array
        (
            [login] => miguel-mx
            [id] => 999243
            [node_id] => MDQ6VXNlcjk5OTI0Mw==
            [avatar_url] => https://avatars.githubusercontent.com/u/999243?v=4
            [gravatar_id] => 
            [url] => https://api.github.com/users/miguel-mx
            [html_url] => https://github.com/miguel-mx
            [followers_url] => https://api.github.com/users/miguel-mx/followers
            [following_url] => https://api.github.com/users/miguel-mx/following{/other_user}
            [gists_url] => https://api.github.com/users/miguel-mx/gists{/gist_id}
            [starred_url] => https://api.github.com/users/miguel-mx/starred{/owner}{/repo}
            [subscriptions_url] => https://api.github.com/users/miguel-mx/subscriptions
            [organizations_url] => https://api.github.com/users/miguel-mx/orgs
            [repos_url] => https://api.github.com/users/miguel-mx/repos
            [events_url] => https://api.github.com/users/miguel-mx/events{/privacy}
            [received_events_url] => https://api.github.com/users/miguel-mx/received_events
            [type] => User
            [site_admin] => 
        )

)
August 31, 2021, 1:50 pm
Array
(
    [zen] => Avoid administrative distraction.
    [hook_id] => 315835309
    [hook] => Array
        (
            [type] => Repository
            [id] => 315835309
            [name] => web
            [active] => 1
            [events] => Array
                (
                    [0] => push
                )

            [config] => Array
                (
                    [content_type] => json
                    [insecure_ssl] => 0
                    [url] => https://dev.matmor.unam.mx/payload/
                )

            [updated_at] => 2021-08-31T17:13:48Z
            [created_at] => 2021-08-31T17:13:48Z
            [url] => https://api.github.com/repos/miguel-mx/degustaciones-2021/hooks/315835309
            [test_url] => https://api.github.com/repos/miguel-mx/degustaciones-2021/hooks/315835309/test
            [ping_url] => https://api.github.com/repos/miguel-mx/degustaciones-2021/hooks/315835309/pings
            [deliveries_url] => https://api.github.com/repos/miguel-mx/degustaciones-2021/hooks/315835309/deliveries
            [last_response] => Array
                (
                    [code] => 
                    [status] => unused
                    [message] => 
                )

        )

    [repository] => Array
        (
            [id] => 401460228
            [node_id] => MDEwOlJlcG9zaXRvcnk0MDE0NjAyMjg=
            [name] => degustaciones-2021
            [full_name] => miguel-mx/degustaciones-2021
            [private] => 
            [owner] => Array
                (
                    [login] => miguel-mx
                    [id] => 999243
                    [node_id] => MDQ6VXNlcjk5OTI0Mw==
                    [avatar_url] => https://avatars.githubusercontent.com/u/999243?v=4
                    [gravatar_id] => 
                    [url] => https://api.github.com/users/miguel-mx
                    [html_url] => https://github.com/miguel-mx
                    [followers_url] => https://api.github.com/users/miguel-mx/followers
                    [following_url] => https://api.github.com/users/miguel-mx/following{/other_user}
                    [gists_url] => https://api.github.com/users/miguel-mx/gists{/gist_id}
                    [starred_url] => https://api.github.com/users/miguel-mx/starred{/owner}{/repo}
                    [subscriptions_url] => https://api.github.com/users/miguel-mx/subscriptions
                    [organizations_url] => https://api.github.com/users/miguel-mx/orgs
                    [repos_url] => https://api.github.com/users/miguel-mx/repos
                    [events_url] => https://api.github.com/users/miguel-mx/events{/privacy}
                    [received_events_url] => https://api.github.com/users/miguel-mx/received_events
                    [type] => User
                    [site_admin] => 
                )

            [html_url] => https://github.com/miguel-mx/degustaciones-2021
            [description] => 
            [fork] => 
            [url] => https://api.github.com/repos/miguel-mx/degustaciones-2021
            [forks_url] => https://api.github.com/repos/miguel-mx/degustaciones-2021/forks
            [keys_url] => https://api.github.com/repos/miguel-mx/degustaciones-2021/keys{/key_id}
            [collaborators_url] => https://api.github.com/repos/miguel-mx/degustaciones-2021/collaborators{/collaborator}
            [teams_url] => https://api.github.com/repos/miguel-mx/degustaciones-2021/teams
            [hooks_url] => https://api.github.com/repos/miguel-mx/degustaciones-2021/hooks
            [issue_events_url] => https://api.github.com/repos/miguel-mx/degustaciones-2021/issues/events{/number}
            [events_url] => https://api.github.com/repos/miguel-mx/degustaciones-2021/events
            [assignees_url] => https://api.github.com/repos/miguel-mx/degustaciones-2021/assignees{/user}
            [branches_url] => https://api.github.com/repos/miguel-mx/degustaciones-2021/branches{/branch}
            [tags_url] => https://api.github.com/repos/miguel-mx/degustaciones-2021/tags
            [blobs_url] => https://api.github.com/repos/miguel-mx/degustaciones-2021/git/blobs{/sha}
            [git_tags_url] => https://api.github.com/repos/miguel-mx/degustaciones-2021/git/tags{/sha}
            [git_refs_url] => https://api.github.com/repos/miguel-mx/degustaciones-2021/git/refs{/sha}
            [trees_url] => https://api.github.com/repos/miguel-mx/degustaciones-2021/git/trees{/sha}
            [statuses_url] => https://api.github.com/repos/miguel-mx/degustaciones-2021/statuses/{sha}
            [languages_url] => https://api.github.com/repos/miguel-mx/degustaciones-2021/languages
            [stargazers_url] => https://api.github.com/repos/miguel-mx/degustaciones-2021/stargazers
            [contributors_url] => https://api.github.com/repos/miguel-mx/degustaciones-2021/contributors
            [subscribers_url] => https://api.github.com/repos/miguel-mx/degustaciones-2021/subscribers
            [subscription_url] => https://api.github.com/repos/miguel-mx/degustaciones-2021/subscription
            [commits_url] => https://api.github.com/repos/miguel-mx/degustaciones-2021/commits{/sha}
            [git_commits_url] => https://api.github.com/repos/miguel-mx/degustaciones-2021/git/commits{/sha}
            [comments_url] => https://api.github.com/repos/miguel-mx/degustaciones-2021/comments{/number}
            [issue_comment_url] => https://api.github.com/repos/miguel-mx/degustaciones-2021/issues/comments{/number}
            [contents_url] => https://api.github.com/repos/miguel-mx/degustaciones-2021/contents/{+path}
            [compare_url] => https://api.github.com/repos/miguel-mx/degustaciones-2021/compare/{base}...{head}
            [merges_url] => https://api.github.com/repos/miguel-mx/degustaciones-2021/merges
            [archive_url] => https://api.github.com/repos/miguel-mx/degustaciones-2021/{archive_format}{/ref}
            [downloads_url] => https://api.github.com/repos/miguel-mx/degustaciones-2021/downloads
            [issues_url] => https://api.github.com/repos/miguel-mx/degustaciones-2021/issues{/number}
            [pulls_url] => https://api.github.com/repos/miguel-mx/degustaciones-2021/pulls{/number}
            [milestones_url] => https://api.github.com/repos/miguel-mx/degustaciones-2021/milestones{/number}
            [notifications_url] => https://api.github.com/repos/miguel-mx/degustaciones-2021/notifications{?since,all,participating}
            [labels_url] => https://api.github.com/repos/miguel-mx/degustaciones-2021/labels{/name}
            [releases_url] => https://api.github.com/repos/miguel-mx/degustaciones-2021/releases{/id}
            [deployments_url] => https://api.github.com/repos/miguel-mx/degustaciones-2021/deployments
            [created_at] => 2021-08-30T19:19:40Z
            [updated_at] => 2021-08-31T02:18:14Z
            [pushed_at] => 2021-08-31T02:18:11Z
            [git_url] => git://github.com/miguel-mx/degustaciones-2021.git
            [ssh_url] => git@github.com:miguel-mx/degustaciones-2021.git
            [clone_url] => https://github.com/miguel-mx/degustaciones-2021.git
            [svn_url] => https://github.com/miguel-mx/degustaciones-2021
            [homepage] => 
            [size] => 2716
            [stargazers_count] => 0
            [watchers_count] => 0
            [language] => CSS
            [has_issues] => 1
            [has_projects] => 1
            [has_downloads] => 1
            [has_wiki] => 1
            [has_pages] => 
            [forks_count] => 0
            [mirror_url] => 
            [archived] => 
            [disabled] => 
            [open_issues_count] => 0
            [license] => 
            [forks] => 0
            [open_issues] => 0
            [watchers] => 0
            [default_branch] => main
        )

    [sender] => Array
        (
            [login] => miguel-mx
            [id] => 999243
            [node_id] => MDQ6VXNlcjk5OTI0Mw==
            [avatar_url] => https://avatars.githubusercontent.com/u/999243?v=4
            [gravatar_id] => 
            [url] => https://api.github.com/users/miguel-mx
            [html_url] => https://github.com/miguel-mx
            [followers_url] => https://api.github.com/users/miguel-mx/followers
            [following_url] => https://api.github.com/users/miguel-mx/following{/other_user}
            [gists_url] => https://api.github.com/users/miguel-mx/gists{/gist_id}
            [starred_url] => https://api.github.com/users/miguel-mx/starred{/owner}{/repo}
            [subscriptions_url] => https://api.github.com/users/miguel-mx/subscriptions
            [organizations_url] => https://api.github.com/users/miguel-mx/orgs
            [repos_url] => https://api.github.com/users/miguel-mx/repos
            [events_url] => https://api.github.com/users/miguel-mx/events{/privacy}
            [received_events_url] => https://api.github.com/users/miguel-mx/received_events
            [type] => User
            [site_admin] => 
        )

)
August 31, 2021, 1:55 pm
Array
(
    [zen] => Avoid administrative distraction.
    [hook_id] => 315835309
    [hook] => Array
        (
            [type] => Repository
            [id] => 315835309
            [name] => web
            [active] => 1
            [events] => Array
                (
                    [0] => push
                )

            [config] => Array
                (
                    [content_type] => json
                    [insecure_ssl] => 0
                    [url] => https://dev.matmor.unam.mx/payload/
                )

            [updated_at] => 2021-08-31T17:13:48Z
            [created_at] => 2021-08-31T17:13:48Z
            [url] => https://api.github.com/repos/miguel-mx/degustaciones-2021/hooks/315835309
            [test_url] => https://api.github.com/repos/miguel-mx/degustaciones-2021/hooks/315835309/test
            [ping_url] => https://api.github.com/repos/miguel-mx/degustaciones-2021/hooks/315835309/pings
            [deliveries_url] => https://api.github.com/repos/miguel-mx/degustaciones-2021/hooks/315835309/deliveries
            [last_response] => Array
                (
                    [code] => 
                    [status] => unused
                    [message] => 
                )

        )

    [repository] => Array
        (
            [id] => 401460228
            [node_id] => MDEwOlJlcG9zaXRvcnk0MDE0NjAyMjg=
            [name] => degustaciones-2021
            [full_name] => miguel-mx/degustaciones-2021
            [private] => 
            [owner] => Array
                (
                    [login] => miguel-mx
                    [id] => 999243
                    [node_id] => MDQ6VXNlcjk5OTI0Mw==
                    [avatar_url] => https://avatars.githubusercontent.com/u/999243?v=4
                    [gravatar_id] => 
                    [url] => https://api.github.com/users/miguel-mx
                    [html_url] => https://github.com/miguel-mx
                    [followers_url] => https://api.github.com/users/miguel-mx/followers
                    [following_url] => https://api.github.com/users/miguel-mx/following{/other_user}
                    [gists_url] => https://api.github.com/users/miguel-mx/gists{/gist_id}
                    [starred_url] => https://api.github.com/users/miguel-mx/starred{/owner}{/repo}
                    [subscriptions_url] => https://api.github.com/users/miguel-mx/subscriptions
                    [organizations_url] => https://api.github.com/users/miguel-mx/orgs
                    [repos_url] => https://api.github.com/users/miguel-mx/repos
                    [events_url] => https://api.github.com/users/miguel-mx/events{/privacy}
                    [received_events_url] => https://api.github.com/users/miguel-mx/received_events
                    [type] => User
                    [site_admin] => 
                )

            [html_url] => https://github.com/miguel-mx/degustaciones-2021
            [description] => 
            [fork] => 
            [url] => https://api.github.com/repos/miguel-mx/degustaciones-2021
            [forks_url] => https://api.github.com/repos/miguel-mx/degustaciones-2021/forks
            [keys_url] => https://api.github.com/repos/miguel-mx/degustaciones-2021/keys{/key_id}
            [collaborators_url] => https://api.github.com/repos/miguel-mx/degustaciones-2021/collaborators{/collaborator}
            [teams_url] => https://api.github.com/repos/miguel-mx/degustaciones-2021/teams
            [hooks_url] => https://api.github.com/repos/miguel-mx/degustaciones-2021/hooks
            [issue_events_url] => https://api.github.com/repos/miguel-mx/degustaciones-2021/issues/events{/number}
            [events_url] => https://api.github.com/repos/miguel-mx/degustaciones-2021/events
            [assignees_url] => https://api.github.com/repos/miguel-mx/degustaciones-2021/assignees{/user}
            [branches_url] => https://api.github.com/repos/miguel-mx/degustaciones-2021/branches{/branch}
            [tags_url] => https://api.github.com/repos/miguel-mx/degustaciones-2021/tags
            [blobs_url] => https://api.github.com/repos/miguel-mx/degustaciones-2021/git/blobs{/sha}
            [git_tags_url] => https://api.github.com/repos/miguel-mx/degustaciones-2021/git/tags{/sha}
            [git_refs_url] => https://api.github.com/repos/miguel-mx/degustaciones-2021/git/refs{/sha}
            [trees_url] => https://api.github.com/repos/miguel-mx/degustaciones-2021/git/trees{/sha}
            [statuses_url] => https://api.github.com/repos/miguel-mx/degustaciones-2021/statuses/{sha}
            [languages_url] => https://api.github.com/repos/miguel-mx/degustaciones-2021/languages
            [stargazers_url] => https://api.github.com/repos/miguel-mx/degustaciones-2021/stargazers
            [contributors_url] => https://api.github.com/repos/miguel-mx/degustaciones-2021/contributors
            [subscribers_url] => https://api.github.com/repos/miguel-mx/degustaciones-2021/subscribers
            [subscription_url] => https://api.github.com/repos/miguel-mx/degustaciones-2021/subscription
            [commits_url] => https://api.github.com/repos/miguel-mx/degustaciones-2021/commits{/sha}
            [git_commits_url] => https://api.github.com/repos/miguel-mx/degustaciones-2021/git/commits{/sha}
            [comments_url] => https://api.github.com/repos/miguel-mx/degustaciones-2021/comments{/number}
            [issue_comment_url] => https://api.github.com/repos/miguel-mx/degustaciones-2021/issues/comments{/number}
            [contents_url] => https://api.github.com/repos/miguel-mx/degustaciones-2021/contents/{+path}
            [compare_url] => https://api.github.com/repos/miguel-mx/degustaciones-2021/compare/{base}...{head}
            [merges_url] => https://api.github.com/repos/miguel-mx/degustaciones-2021/merges
            [archive_url] => https://api.github.com/repos/miguel-mx/degustaciones-2021/{archive_format}{/ref}
            [downloads_url] => https://api.github.com/repos/miguel-mx/degustaciones-2021/downloads
            [issues_url] => https://api.github.com/repos/miguel-mx/degustaciones-2021/issues{/number}
            [pulls_url] => https://api.github.com/repos/miguel-mx/degustaciones-2021/pulls{/number}
            [milestones_url] => https://api.github.com/repos/miguel-mx/degustaciones-2021/milestones{/number}
            [notifications_url] => https://api.github.com/repos/miguel-mx/degustaciones-2021/notifications{?since,all,participating}
            [labels_url] => https://api.github.com/repos/miguel-mx/degustaciones-2021/labels{/name}
            [releases_url] => https://api.github.com/repos/miguel-mx/degustaciones-2021/releases{/id}
            [deployments_url] => https://api.github.com/repos/miguel-mx/degustaciones-2021/deployments
            [created_at] => 2021-08-30T19:19:40Z
            [updated_at] => 2021-08-31T02:18:14Z
            [pushed_at] => 2021-08-31T02:18:11Z
            [git_url] => git://github.com/miguel-mx/degustaciones-2021.git
            [ssh_url] => git@github.com:miguel-mx/degustaciones-2021.git
            [clone_url] => https://github.com/miguel-mx/degustaciones-2021.git
            [svn_url] => https://github.com/miguel-mx/degustaciones-2021
            [homepage] => 
            [size] => 2716
            [stargazers_count] => 0
            [watchers_count] => 0
            [language] => CSS
            [has_issues] => 1
            [has_projects] => 1
            [has_downloads] => 1
            [has_wiki] => 1
            [has_pages] => 
            [forks_count] => 0
            [mirror_url] => 
            [archived] => 
            [disabled] => 
            [open_issues_count] => 0
            [license] => 
            [forks] => 0
            [open_issues] => 0
            [watchers] => 0
            [default_branch] => main
        )

    [sender] => Array
        (
            [login] => miguel-mx
            [id] => 999243
            [node_id] => MDQ6VXNlcjk5OTI0Mw==
            [avatar_url] => https://avatars.githubusercontent.com/u/999243?v=4
            [gravatar_id] => 
            [url] => https://api.github.com/users/miguel-mx
            [html_url] => https://github.com/miguel-mx
            [followers_url] => https://api.github.com/users/miguel-mx/followers
            [following_url] => https://api.github.com/users/miguel-mx/following{/other_user}
            [gists_url] => https://api.github.com/users/miguel-mx/gists{/gist_id}
            [starred_url] => https://api.github.com/users/miguel-mx/starred{/owner}{/repo}
            [subscriptions_url] => https://api.github.com/users/miguel-mx/subscriptions
            [organizations_url] => https://api.github.com/users/miguel-mx/orgs
            [repos_url] => https://api.github.com/users/miguel-mx/repos
            [events_url] => https://api.github.com/users/miguel-mx/events{/privacy}
            [received_events_url] => https://api.github.com/users/miguel-mx/received_events
            [type] => User
            [site_admin] => 
        )

)
August 31, 2021, 1:57 pm
Array
(
    [zen] => Avoid administrative distraction.
    [hook_id] => 315835309
    [hook] => Array
        (
            [type] => Repository
            [id] => 315835309
            [name] => web
            [active] => 1
            [events] => Array
                (
                    [0] => push
                )

            [config] => Array
                (
                    [content_type] => json
                    [insecure_ssl] => 0
                    [url] => https://dev.matmor.unam.mx/payload/
                )

            [updated_at] => 2021-08-31T17:13:48Z
            [created_at] => 2021-08-31T17:13:48Z
            [url] => https://api.github.com/repos/miguel-mx/degustaciones-2021/hooks/315835309
            [test_url] => https://api.github.com/repos/miguel-mx/degustaciones-2021/hooks/315835309/test
            [ping_url] => https://api.github.com/repos/miguel-mx/degustaciones-2021/hooks/315835309/pings
            [deliveries_url] => https://api.github.com/repos/miguel-mx/degustaciones-2021/hooks/315835309/deliveries
            [last_response] => Array
                (
                    [code] => 
                    [status] => unused
                    [message] => 
                )

        )

    [repository] => Array
        (
            [id] => 401460228
            [node_id] => MDEwOlJlcG9zaXRvcnk0MDE0NjAyMjg=
            [name] => degustaciones-2021
            [full_name] => miguel-mx/degustaciones-2021
            [private] => 
            [owner] => Array
                (
                    [login] => miguel-mx
                    [id] => 999243
                    [node_id] => MDQ6VXNlcjk5OTI0Mw==
                    [avatar_url] => https://avatars.githubusercontent.com/u/999243?v=4
                    [gravatar_id] => 
                    [url] => https://api.github.com/users/miguel-mx
                    [html_url] => https://github.com/miguel-mx
                    [followers_url] => https://api.github.com/users/miguel-mx/followers
                    [following_url] => https://api.github.com/users/miguel-mx/following{/other_user}
                    [gists_url] => https://api.github.com/users/miguel-mx/gists{/gist_id}
                    [starred_url] => https://api.github.com/users/miguel-mx/starred{/owner}{/repo}
                    [subscriptions_url] => https://api.github.com/users/miguel-mx/subscriptions
                    [organizations_url] => https://api.github.com/users/miguel-mx/orgs
                    [repos_url] => https://api.github.com/users/miguel-mx/repos
                    [events_url] => https://api.github.com/users/miguel-mx/events{/privacy}
                    [received_events_url] => https://api.github.com/users/miguel-mx/received_events
                    [type] => User
                    [site_admin] => 
                )

            [html_url] => https://github.com/miguel-mx/degustaciones-2021
            [description] => 
            [fork] => 
            [url] => https://api.github.com/repos/miguel-mx/degustaciones-2021
            [forks_url] => https://api.github.com/repos/miguel-mx/degustaciones-2021/forks
            [keys_url] => https://api.github.com/repos/miguel-mx/degustaciones-2021/keys{/key_id}
            [collaborators_url] => https://api.github.com/repos/miguel-mx/degustaciones-2021/collaborators{/collaborator}
            [teams_url] => https://api.github.com/repos/miguel-mx/degustaciones-2021/teams
            [hooks_url] => https://api.github.com/repos/miguel-mx/degustaciones-2021/hooks
            [issue_events_url] => https://api.github.com/repos/miguel-mx/degustaciones-2021/issues/events{/number}
            [events_url] => https://api.github.com/repos/miguel-mx/degustaciones-2021/events
            [assignees_url] => https://api.github.com/repos/miguel-mx/degustaciones-2021/assignees{/user}
            [branches_url] => https://api.github.com/repos/miguel-mx/degustaciones-2021/branches{/branch}
            [tags_url] => https://api.github.com/repos/miguel-mx/degustaciones-2021/tags
            [blobs_url] => https://api.github.com/repos/miguel-mx/degustaciones-2021/git/blobs{/sha}
            [git_tags_url] => https://api.github.com/repos/miguel-mx/degustaciones-2021/git/tags{/sha}
            [git_refs_url] => https://api.github.com/repos/miguel-mx/degustaciones-2021/git/refs{/sha}
            [trees_url] => https://api.github.com/repos/miguel-mx/degustaciones-2021/git/trees{/sha}
            [statuses_url] => https://api.github.com/repos/miguel-mx/degustaciones-2021/statuses/{sha}
            [languages_url] => https://api.github.com/repos/miguel-mx/degustaciones-2021/languages
            [stargazers_url] => https://api.github.com/repos/miguel-mx/degustaciones-2021/stargazers
            [contributors_url] => https://api.github.com/repos/miguel-mx/degustaciones-2021/contributors
            [subscribers_url] => https://api.github.com/repos/miguel-mx/degustaciones-2021/subscribers
            [subscription_url] => https://api.github.com/repos/miguel-mx/degustaciones-2021/subscription
            [commits_url] => https://api.github.com/repos/miguel-mx/degustaciones-2021/commits{/sha}
            [git_commits_url] => https://api.github.com/repos/miguel-mx/degustaciones-2021/git/commits{/sha}
            [comments_url] => https://api.github.com/repos/miguel-mx/degustaciones-2021/comments{/number}
            [issue_comment_url] => https://api.github.com/repos/miguel-mx/degustaciones-2021/issues/comments{/number}
            [contents_url] => https://api.github.com/repos/miguel-mx/degustaciones-2021/contents/{+path}
            [compare_url] => https://api.github.com/repos/miguel-mx/degustaciones-2021/compare/{base}...{head}
            [merges_url] => https://api.github.com/repos/miguel-mx/degustaciones-2021/merges
            [archive_url] => https://api.github.com/repos/miguel-mx/degustaciones-2021/{archive_format}{/ref}
            [downloads_url] => https://api.github.com/repos/miguel-mx/degustaciones-2021/downloads
            [issues_url] => https://api.github.com/repos/miguel-mx/degustaciones-2021/issues{/number}
            [pulls_url] => https://api.github.com/repos/miguel-mx/degustaciones-2021/pulls{/number}
            [milestones_url] => https://api.github.com/repos/miguel-mx/degustaciones-2021/milestones{/number}
            [notifications_url] => https://api.github.com/repos/miguel-mx/degustaciones-2021/notifications{?since,all,participating}
            [labels_url] => https://api.github.com/repos/miguel-mx/degustaciones-2021/labels{/name}
            [releases_url] => https://api.github.com/repos/miguel-mx/degustaciones-2021/releases{/id}
            [deployments_url] => https://api.github.com/repos/miguel-mx/degustaciones-2021/deployments
            [created_at] => 2021-08-30T19:19:40Z
            [updated_at] => 2021-08-31T02:18:14Z
            [pushed_at] => 2021-08-31T02:18:11Z
            [git_url] => git://github.com/miguel-mx/degustaciones-2021.git
            [ssh_url] => git@github.com:miguel-mx/degustaciones-2021.git
            [clone_url] => https://github.com/miguel-mx/degustaciones-2021.git
            [svn_url] => https://github.com/miguel-mx/degustaciones-2021
            [homepage] => 
            [size] => 2716
            [stargazers_count] => 0
            [watchers_count] => 0
            [language] => CSS
            [has_issues] => 1
            [has_projects] => 1
            [has_downloads] => 1
            [has_wiki] => 1
            [has_pages] => 
            [forks_count] => 0
            [mirror_url] => 
            [archived] => 
            [disabled] => 
            [open_issues_count] => 0
            [license] => 
            [forks] => 0
            [open_issues] => 0
            [watchers] => 0
            [default_branch] => main
        )

    [sender] => Array
        (
            [login] => miguel-mx
            [id] => 999243
            [node_id] => MDQ6VXNlcjk5OTI0Mw==
            [avatar_url] => https://avatars.githubusercontent.com/u/999243?v=4
            [gravatar_id] => 
            [url] => https://api.github.com/users/miguel-mx
            [html_url] => https://github.com/miguel-mx
            [followers_url] => https://api.github.com/users/miguel-mx/followers
            [following_url] => https://api.github.com/users/miguel-mx/following{/other_user}
            [gists_url] => https://api.github.com/users/miguel-mx/gists{/gist_id}
            [starred_url] => https://api.github.com/users/miguel-mx/starred{/owner}{/repo}
            [subscriptions_url] => https://api.github.com/users/miguel-mx/subscriptions
            [organizations_url] => https://api.github.com/users/miguel-mx/orgs
            [repos_url] => https://api.github.com/users/miguel-mx/repos
            [events_url] => https://api.github.com/users/miguel-mx/events{/privacy}
            [received_events_url] => https://api.github.com/users/miguel-mx/received_events
            [type] => User
            [site_admin] => 
        )

)
August 31, 2021, 1:57 pm
Array
(
    [zen] => Avoid administrative distraction.
    [hook_id] => 315835309
    [hook] => Array
        (
            [type] => Repository
            [id] => 315835309
            [name] => web
            [active] => 1
            [events] => Array
                (
                    [0] => push
                )

            [config] => Array
                (
                    [content_type] => json
                    [insecure_ssl] => 0
                    [url] => https://dev.matmor.unam.mx/payload/
                )

            [updated_at] => 2021-08-31T17:13:48Z
            [created_at] => 2021-08-31T17:13:48Z
            [url] => https://api.github.com/repos/miguel-mx/degustaciones-2021/hooks/315835309
            [test_url] => https://api.github.com/repos/miguel-mx/degustaciones-2021/hooks/315835309/test
            [ping_url] => https://api.github.com/repos/miguel-mx/degustaciones-2021/hooks/315835309/pings
            [deliveries_url] => https://api.github.com/repos/miguel-mx/degustaciones-2021/hooks/315835309/deliveries
            [last_response] => Array
                (
                    [code] => 
                    [status] => unused
                    [message] => 
                )

        )

    [repository] => Array
        (
            [id] => 401460228
            [node_id] => MDEwOlJlcG9zaXRvcnk0MDE0NjAyMjg=
            [name] => degustaciones-2021
            [full_name] => miguel-mx/degustaciones-2021
            [private] => 
            [owner] => Array
                (
                    [login] => miguel-mx
                    [id] => 999243
                    [node_id] => MDQ6VXNlcjk5OTI0Mw==
                    [avatar_url] => https://avatars.githubusercontent.com/u/999243?v=4
                    [gravatar_id] => 
                    [url] => https://api.github.com/users/miguel-mx
                    [html_url] => https://github.com/miguel-mx
                    [followers_url] => https://api.github.com/users/miguel-mx/followers
                    [following_url] => https://api.github.com/users/miguel-mx/following{/other_user}
                    [gists_url] => https://api.github.com/users/miguel-mx/gists{/gist_id}
                    [starred_url] => https://api.github.com/users/miguel-mx/starred{/owner}{/repo}
                    [subscriptions_url] => https://api.github.com/users/miguel-mx/subscriptions
                    [organizations_url] => https://api.github.com/users/miguel-mx/orgs
                    [repos_url] => https://api.github.com/users/miguel-mx/repos
                    [events_url] => https://api.github.com/users/miguel-mx/events{/privacy}
                    [received_events_url] => https://api.github.com/users/miguel-mx/received_events
                    [type] => User
                    [site_admin] => 
                )

            [html_url] => https://github.com/miguel-mx/degustaciones-2021
            [description] => 
            [fork] => 
            [url] => https://api.github.com/repos/miguel-mx/degustaciones-2021
            [forks_url] => https://api.github.com/repos/miguel-mx/degustaciones-2021/forks
            [keys_url] => https://api.github.com/repos/miguel-mx/degustaciones-2021/keys{/key_id}
            [collaborators_url] => https://api.github.com/repos/miguel-mx/degustaciones-2021/collaborators{/collaborator}
            [teams_url] => https://api.github.com/repos/miguel-mx/degustaciones-2021/teams
            [hooks_url] => https://api.github.com/repos/miguel-mx/degustaciones-2021/hooks
            [issue_events_url] => https://api.github.com/repos/miguel-mx/degustaciones-2021/issues/events{/number}
            [events_url] => https://api.github.com/repos/miguel-mx/degustaciones-2021/events
            [assignees_url] => https://api.github.com/repos/miguel-mx/degustaciones-2021/assignees{/user}
            [branches_url] => https://api.github.com/repos/miguel-mx/degustaciones-2021/branches{/branch}
            [tags_url] => https://api.github.com/repos/miguel-mx/degustaciones-2021/tags
            [blobs_url] => https://api.github.com/repos/miguel-mx/degustaciones-2021/git/blobs{/sha}
            [git_tags_url] => https://api.github.com/repos/miguel-mx/degustaciones-2021/git/tags{/sha}
            [git_refs_url] => https://api.github.com/repos/miguel-mx/degustaciones-2021/git/refs{/sha}
            [trees_url] => https://api.github.com/repos/miguel-mx/degustaciones-2021/git/trees{/sha}
            [statuses_url] => https://api.github.com/repos/miguel-mx/degustaciones-2021/statuses/{sha}
            [languages_url] => https://api.github.com/repos/miguel-mx/degustaciones-2021/languages
            [stargazers_url] => https://api.github.com/repos/miguel-mx/degustaciones-2021/stargazers
            [contributors_url] => https://api.github.com/repos/miguel-mx/degustaciones-2021/contributors
            [subscribers_url] => https://api.github.com/repos/miguel-mx/degustaciones-2021/subscribers
            [subscription_url] => https://api.github.com/repos/miguel-mx/degustaciones-2021/subscription
            [commits_url] => https://api.github.com/repos/miguel-mx/degustaciones-2021/commits{/sha}
            [git_commits_url] => https://api.github.com/repos/miguel-mx/degustaciones-2021/git/commits{/sha}
            [comments_url] => https://api.github.com/repos/miguel-mx/degustaciones-2021/comments{/number}
            [issue_comment_url] => https://api.github.com/repos/miguel-mx/degustaciones-2021/issues/comments{/number}
            [contents_url] => https://api.github.com/repos/miguel-mx/degustaciones-2021/contents/{+path}
            [compare_url] => https://api.github.com/repos/miguel-mx/degustaciones-2021/compare/{base}...{head}
            [merges_url] => https://api.github.com/repos/miguel-mx/degustaciones-2021/merges
            [archive_url] => https://api.github.com/repos/miguel-mx/degustaciones-2021/{archive_format}{/ref}
            [downloads_url] => https://api.github.com/repos/miguel-mx/degustaciones-2021/downloads
            [issues_url] => https://api.github.com/repos/miguel-mx/degustaciones-2021/issues{/number}
            [pulls_url] => https://api.github.com/repos/miguel-mx/degustaciones-2021/pulls{/number}
            [milestones_url] => https://api.github.com/repos/miguel-mx/degustaciones-2021/milestones{/number}
            [notifications_url] => https://api.github.com/repos/miguel-mx/degustaciones-2021/notifications{?since,all,participating}
            [labels_url] => https://api.github.com/repos/miguel-mx/degustaciones-2021/labels{/name}
            [releases_url] => https://api.github.com/repos/miguel-mx/degustaciones-2021/releases{/id}
            [deployments_url] => https://api.github.com/repos/miguel-mx/degustaciones-2021/deployments
            [created_at] => 2021-08-30T19:19:40Z
            [updated_at] => 2021-08-31T02:18:14Z
            [pushed_at] => 2021-08-31T02:18:11Z
            [git_url] => git://github.com/miguel-mx/degustaciones-2021.git
            [ssh_url] => git@github.com:miguel-mx/degustaciones-2021.git
            [clone_url] => https://github.com/miguel-mx/degustaciones-2021.git
            [svn_url] => https://github.com/miguel-mx/degustaciones-2021
            [homepage] => 
            [size] => 2716
            [stargazers_count] => 0
            [watchers_count] => 0
            [language] => CSS
            [has_issues] => 1
            [has_projects] => 1
            [has_downloads] => 1
            [has_wiki] => 1
            [has_pages] => 
            [forks_count] => 0
            [mirror_url] => 
            [archived] => 
            [disabled] => 
            [open_issues_count] => 0
            [license] => 
            [forks] => 0
            [open_issues] => 0
            [watchers] => 0
            [default_branch] => main
        )

    [sender] => Array
        (
            [login] => miguel-mx
            [id] => 999243
            [node_id] => MDQ6VXNlcjk5OTI0Mw==
            [avatar_url] => https://avatars.githubusercontent.com/u/999243?v=4
            [gravatar_id] => 
            [url] => https://api.github.com/users/miguel-mx
            [html_url] => https://github.com/miguel-mx
            [followers_url] => https://api.github.com/users/miguel-mx/followers
            [following_url] => https://api.github.com/users/miguel-mx/following{/other_user}
            [gists_url] => https://api.github.com/users/miguel-mx/gists{/gist_id}
            [starred_url] => https://api.github.com/users/miguel-mx/starred{/owner}{/repo}
            [subscriptions_url] => https://api.github.com/users/miguel-mx/subscriptions
            [organizations_url] => https://api.github.com/users/miguel-mx/orgs
            [repos_url] => https://api.github.com/users/miguel-mx/repos
            [events_url] => https://api.github.com/users/miguel-mx/events{/privacy}
            [received_events_url] => https://api.github.com/users/miguel-mx/received_events
            [type] => User
            [site_admin] => 
        )

)
August 31, 2021, 1:59 pm
Array
(
    [zen] => Avoid administrative distraction.
    [hook_id] => 315835309
    [hook] => Array
        (
            [type] => Repository
            [id] => 315835309
            [name] => web
            [active] => 1
            [events] => Array
                (
                    [0] => push
                )

            [config] => Array
                (
                    [content_type] => json
                    [insecure_ssl] => 0
                    [url] => https://dev.matmor.unam.mx/payload/
                )

            [updated_at] => 2021-08-31T17:13:48Z
            [created_at] => 2021-08-31T17:13:48Z
            [url] => https://api.github.com/repos/miguel-mx/degustaciones-2021/hooks/315835309
            [test_url] => https://api.github.com/repos/miguel-mx/degustaciones-2021/hooks/315835309/test
            [ping_url] => https://api.github.com/repos/miguel-mx/degustaciones-2021/hooks/315835309/pings
            [deliveries_url] => https://api.github.com/repos/miguel-mx/degustaciones-2021/hooks/315835309/deliveries
            [last_response] => Array
                (
                    [code] => 
                    [status] => unused
                    [message] => 
                )

        )

    [repository] => Array
        (
            [id] => 401460228
            [node_id] => MDEwOlJlcG9zaXRvcnk0MDE0NjAyMjg=
            [name] => degustaciones-2021
            [full_name] => miguel-mx/degustaciones-2021
            [private] => 
            [owner] => Array
                (
                    [login] => miguel-mx
                    [id] => 999243
                    [node_id] => MDQ6VXNlcjk5OTI0Mw==
                    [avatar_url] => https://avatars.githubusercontent.com/u/999243?v=4
                    [gravatar_id] => 
                    [url] => https://api.github.com/users/miguel-mx
                    [html_url] => https://github.com/miguel-mx
                    [followers_url] => https://api.github.com/users/miguel-mx/followers
                    [following_url] => https://api.github.com/users/miguel-mx/following{/other_user}
                    [gists_url] => https://api.github.com/users/miguel-mx/gists{/gist_id}
                    [starred_url] => https://api.github.com/users/miguel-mx/starred{/owner}{/repo}
                    [subscriptions_url] => https://api.github.com/users/miguel-mx/subscriptions
                    [organizations_url] => https://api.github.com/users/miguel-mx/orgs
                    [repos_url] => https://api.github.com/users/miguel-mx/repos
                    [events_url] => https://api.github.com/users/miguel-mx/events{/privacy}
                    [received_events_url] => https://api.github.com/users/miguel-mx/received_events
                    [type] => User
                    [site_admin] => 
                )

            [html_url] => https://github.com/miguel-mx/degustaciones-2021
            [description] => 
            [fork] => 
            [url] => https://api.github.com/repos/miguel-mx/degustaciones-2021
            [forks_url] => https://api.github.com/repos/miguel-mx/degustaciones-2021/forks
            [keys_url] => https://api.github.com/repos/miguel-mx/degustaciones-2021/keys{/key_id}
            [collaborators_url] => https://api.github.com/repos/miguel-mx/degustaciones-2021/collaborators{/collaborator}
            [teams_url] => https://api.github.com/repos/miguel-mx/degustaciones-2021/teams
            [hooks_url] => https://api.github.com/repos/miguel-mx/degustaciones-2021/hooks
            [issue_events_url] => https://api.github.com/repos/miguel-mx/degustaciones-2021/issues/events{/number}
            [events_url] => https://api.github.com/repos/miguel-mx/degustaciones-2021/events
            [assignees_url] => https://api.github.com/repos/miguel-mx/degustaciones-2021/assignees{/user}
            [branches_url] => https://api.github.com/repos/miguel-mx/degustaciones-2021/branches{/branch}
            [tags_url] => https://api.github.com/repos/miguel-mx/degustaciones-2021/tags
            [blobs_url] => https://api.github.com/repos/miguel-mx/degustaciones-2021/git/blobs{/sha}
            [git_tags_url] => https://api.github.com/repos/miguel-mx/degustaciones-2021/git/tags{/sha}
            [git_refs_url] => https://api.github.com/repos/miguel-mx/degustaciones-2021/git/refs{/sha}
            [trees_url] => https://api.github.com/repos/miguel-mx/degustaciones-2021/git/trees{/sha}
            [statuses_url] => https://api.github.com/repos/miguel-mx/degustaciones-2021/statuses/{sha}
            [languages_url] => https://api.github.com/repos/miguel-mx/degustaciones-2021/languages
            [stargazers_url] => https://api.github.com/repos/miguel-mx/degustaciones-2021/stargazers
            [contributors_url] => https://api.github.com/repos/miguel-mx/degustaciones-2021/contributors
            [subscribers_url] => https://api.github.com/repos/miguel-mx/degustaciones-2021/subscribers
            [subscription_url] => https://api.github.com/repos/miguel-mx/degustaciones-2021/subscription
            [commits_url] => https://api.github.com/repos/miguel-mx/degustaciones-2021/commits{/sha}
            [git_commits_url] => https://api.github.com/repos/miguel-mx/degustaciones-2021/git/commits{/sha}
            [comments_url] => https://api.github.com/repos/miguel-mx/degustaciones-2021/comments{/number}
            [issue_comment_url] => https://api.github.com/repos/miguel-mx/degustaciones-2021/issues/comments{/number}
            [contents_url] => https://api.github.com/repos/miguel-mx/degustaciones-2021/contents/{+path}
            [compare_url] => https://api.github.com/repos/miguel-mx/degustaciones-2021/compare/{base}...{head}
            [merges_url] => https://api.github.com/repos/miguel-mx/degustaciones-2021/merges
            [archive_url] => https://api.github.com/repos/miguel-mx/degustaciones-2021/{archive_format}{/ref}
            [downloads_url] => https://api.github.com/repos/miguel-mx/degustaciones-2021/downloads
            [issues_url] => https://api.github.com/repos/miguel-mx/degustaciones-2021/issues{/number}
            [pulls_url] => https://api.github.com/repos/miguel-mx/degustaciones-2021/pulls{/number}
            [milestones_url] => https://api.github.com/repos/miguel-mx/degustaciones-2021/milestones{/number}
            [notifications_url] => https://api.github.com/repos/miguel-mx/degustaciones-2021/notifications{?since,all,participating}
            [labels_url] => https://api.github.com/repos/miguel-mx/degustaciones-2021/labels{/name}
            [releases_url] => https://api.github.com/repos/miguel-mx/degustaciones-2021/releases{/id}
            [deployments_url] => https://api.github.com/repos/miguel-mx/degustaciones-2021/deployments
            [created_at] => 2021-08-30T19:19:40Z
            [updated_at] => 2021-08-31T02:18:14Z
            [pushed_at] => 2021-08-31T02:18:11Z
            [git_url] => git://github.com/miguel-mx/degustaciones-2021.git
            [ssh_url] => git@github.com:miguel-mx/degustaciones-2021.git
            [clone_url] => https://github.com/miguel-mx/degustaciones-2021.git
            [svn_url] => https://github.com/miguel-mx/degustaciones-2021
            [homepage] => 
            [size] => 2716
            [stargazers_count] => 0
            [watchers_count] => 0
            [language] => CSS
            [has_issues] => 1
            [has_projects] => 1
            [has_downloads] => 1
            [has_wiki] => 1
            [has_pages] => 
            [forks_count] => 0
            [mirror_url] => 
            [archived] => 
            [disabled] => 
            [open_issues_count] => 0
            [license] => 
            [forks] => 0
            [open_issues] => 0
            [watchers] => 0
            [default_branch] => main
        )

    [sender] => Array
        (
            [login] => miguel-mx
            [id] => 999243
            [node_id] => MDQ6VXNlcjk5OTI0Mw==
            [avatar_url] => https://avatars.githubusercontent.com/u/999243?v=4
            [gravatar_id] => 
            [url] => https://api.github.com/users/miguel-mx
            [html_url] => https://github.com/miguel-mx
            [followers_url] => https://api.github.com/users/miguel-mx/followers
            [following_url] => https://api.github.com/users/miguel-mx/following{/other_user}
            [gists_url] => https://api.github.com/users/miguel-mx/gists{/gist_id}
            [starred_url] => https://api.github.com/users/miguel-mx/starred{/owner}{/repo}
            [subscriptions_url] => https://api.github.com/users/miguel-mx/subscriptions
            [organizations_url] => https://api.github.com/users/miguel-mx/orgs
            [repos_url] => https://api.github.com/users/miguel-mx/repos
            [events_url] => https://api.github.com/users/miguel-mx/events{/privacy}
            [received_events_url] => https://api.github.com/users/miguel-mx/received_events
            [type] => User
            [site_admin] => 
        )

)
